{"/Users/yevhenshakhrai/Projects/JavaScriptTraining/bank-tech-test/src/controllers/cardOperations.js": {"path":"/Users/yevhenshakhrai/Projects/JavaScriptTraining/bank-tech-test/src/controllers/cardOperations.js","statementMap":{"0":{"start":{"line":1,"column":20},"end":{"line":1,"column":52}},"1":{"start":{"line":5,"column":4},"end":{"line":5,"column":27}},"2":{"start":{"line":9,"column":4},"end":{"line":9,"column":35}},"3":{"start":{"line":10,"column":4},"end":{"line":15,"column":7}},"4":{"start":{"line":19,"column":4},"end":{"line":29,"column":5}},"5":{"start":{"line":20,"column":6},"end":{"line":20,"column":37}},"6":{"start":{"line":21,"column":6},"end":{"line":26,"column":9}},"7":{"start":{"line":28,"column":6},"end":{"line":28,"column":42}},"8":{"start":{"line":33,"column":4},"end":{"line":33,"column":54}},"9":{"start":{"line":34,"column":4},"end":{"line":43,"column":5}},"10":{"start":{"line":34,"column":17},"end":{"line":34,"column":53}},"11":{"start":{"line":35,"column":24},"end":{"line":35,"column":52}},"12":{"start":{"line":36,"column":6},"end":{"line":42,"column":8}},"13":{"start":{"line":47,"column":0},"end":{"line":47,"column":32}}},"fnMap":{"0":{"name":"(anonymous_0)","decl":{"start":{"line":4,"column":2},"end":{"line":4,"column":3}},"loc":{"start":{"line":4,"column":23},"end":{"line":6,"column":3}},"line":4},"1":{"name":"(anonymous_1)","decl":{"start":{"line":8,"column":2},"end":{"line":8,"column":3}},"loc":{"start":{"line":8,"column":24},"end":{"line":16,"column":3}},"line":8},"2":{"name":"(anonymous_2)","decl":{"start":{"line":18,"column":2},"end":{"line":18,"column":3}},"loc":{"start":{"line":18,"column":25},"end":{"line":30,"column":3}},"line":18},"3":{"name":"(anonymous_3)","decl":{"start":{"line":32,"column":2},"end":{"line":32,"column":3}},"loc":{"start":{"line":32,"column":19},"end":{"line":44,"column":3}},"line":32}},"branchMap":{"0":{"loc":{"start":{"line":19,"column":4},"end":{"line":29,"column":5}},"type":"if","locations":[{"start":{"line":19,"column":4},"end":{"line":29,"column":5}},{"start":{"line":27,"column":11},"end":{"line":29,"column":5}}],"line":19}},"s":{"0":1,"1":3,"2":1,"3":1,"4":2,"5":1,"6":1,"7":1,"8":0,"9":0,"10":0,"11":0,"12":0,"13":1},"f":{"0":3,"1":1,"2":2,"3":0},"b":{"0":[1,1]},"_coverageSchema":"1a1c01bbd47fc00a2c39e90264f33305004495a9","hash":"35c6e44183edd473e054407d8a615c547b4d48b1"}
,"/Users/yevhenshakhrai/Projects/JavaScriptTraining/bank-tech-test/src/models/cardAccount.js": {"path":"/Users/yevhenshakhrai/Projects/JavaScriptTraining/bank-tech-test/src/models/cardAccount.js","statementMap":{"0":{"start":{"line":3,"column":4},"end":{"line":3,"column":33}},"1":{"start":{"line":4,"column":4},"end":{"line":4,"column":19}},"2":{"start":{"line":5,"column":4},"end":{"line":5,"column":21}},"3":{"start":{"line":6,"column":4},"end":{"line":6,"column":27}},"4":{"start":{"line":10,"column":0},"end":{"line":10,"column":29}}},"fnMap":{"0":{"name":"(anonymous_0)","decl":{"start":{"line":2,"column":2},"end":{"line":2,"column":3}},"loc":{"start":{"line":2,"column":31},"end":{"line":7,"column":3}},"line":2}},"branchMap":{},"s":{"0":5,"1":5,"2":5,"3":5,"4":2},"f":{"0":5},"b":{},"_coverageSchema":"1a1c01bbd47fc00a2c39e90264f33305004495a9","hash":"71674a5b081f55291b451e86244f98739330e319"}
}
