TN:
SF:src/controllers/cardOperations.js
FN:4,(anonymous_0)
FN:8,(anonymous_1)
FN:18,(anonymous_2)
FN:32,(anonymous_3)
FNF:4
FNH:3
FNDA:3,(anonymous_0)
FNDA:1,(anonymous_1)
FNDA:2,(anonymous_2)
FNDA:0,(anonymous_3)
DA:1,1
DA:5,3
DA:9,1
DA:10,1
DA:19,2
DA:20,1
DA:21,1
DA:28,1
DA:33,0
DA:34,0
DA:35,0
DA:36,0
DA:47,1
LF:13
LH:9
BRDA:19,0,0,1
BRDA:19,0,1,1
BRF:2
BRH:2
end_of_record
TN:
SF:src/models/cardAccount.js
FN:2,(anonymous_0)
FNF:1
FNH:1
FNDA:5,(anonymous_0)
DA:3,5
DA:4,5
DA:5,5
DA:6,5
DA:10,2
LF:5
LH:5
BRF:0
BRH:0
end_of_record
