TN:
SF:src/controllers/cardOperations.js
FN:4,(anonymous_0)
FN:8,(anonymous_1)
FN:18,(anonymous_2)
FN:32,(anonymous_3)
FNF:4
FNH:4
FNDA:4,(anonymous_0)
FNDA:3,(anonymous_1)
FNDA:3,(anonymous_2)
FNDA:1,(anonymous_3)
DA:1,1
DA:5,4
DA:9,3
DA:10,3
DA:19,3
DA:20,2
DA:21,2
DA:28,1
DA:33,1
DA:34,1
DA:35,3
DA:36,3
DA:47,1
LF:13
LH:13
BRDA:19,0,0,2
BRDA:19,0,1,1
BRF:2
BRH:2
end_of_record
TN:
SF:src/models/cardAccount.js
FN:2,(anonymous_0)
FNF:1
FNH:1
FNDA:6,(anonymous_0)
DA:3,6
DA:4,6
DA:5,6
DA:6,6
DA:10,2
LF:5
LH:5
BRF:0
BRH:0
end_of_record
